<?xml version="1.0" encoding="UTF-8"?>
<!-- Generated by org.testng.reporters.JUnitReportReporter -->
<testsuite hostname="DESKTOP-F5D0N14" failures="0" tests="1" name="com.testcases.Logintest" time="5.684" errors="0" timestamp="2023-10-09T14:29:54 IST" skipped="0">
  <testcase classname="com.testcases.Logintest" name="verifyLogin" time="5.684"/>
</testsuite> <!-- com.testcases.Logintest -->
