<?xml version="1.0" encoding="UTF-8"?>
<!-- Generated by org.testng.reporters.JUnitReportReporter -->
<testsuite hostname="DESKTOP-F5D0N14" failures="0" tests="1" name="com.testcases.Customer_Test01" time="36.387" errors="0" timestamp="2023-10-09T14:33:46 IST" skipped="0">
  <testcase classname="com.testcases.Customer_Test01" name="Customervalidation" time="36.387"/>
</testsuite> <!-- com.testcases.Customer_Test01 -->
