<?xml version="1.0" encoding="UTF-8"?>
<!-- Generated by org.testng.reporters.JUnitReportReporter -->
<testsuite hostname="DESKTOP-F5D0N14" failures="0" tests="1" name="com.testcases.Logout_Functionality_Test" time="20.993" errors="0" timestamp="2023-10-10T12:52:20 IST" skipped="0">
  <testcase classname="com.testcases.Logout_Functionality_Test" name="loginvalidation" time="20.993"/>
</testsuite> <!-- com.testcases.Logout_Functionality_Test -->
