<?xml version="1.0" encoding="UTF-8"?>
<!-- Generated by org.testng.reporters.JUnitReportReporter -->
<testsuite hostname="DESKTOP-F5D0N14" failures="0" tests="1" name="com.testcases.Holidays_Functionality_TEST" time="40.680" errors="0" timestamp="2023-10-10T10:20:58 IST" skipped="0">
  <testcase classname="com.testcases.Holidays_Functionality_TEST" name="Holidaysvalidation" time="40.680"/>
</testsuite> <!-- com.testcases.Holidays_Functionality_TEST -->
