<?xml version="1.0" encoding="UTF-8"?>
<!-- Generated by org.testng.reporters.JUnitReportReporter -->
<testsuite hostname="DESKTOP-F5D0N14" failures="0" tests="1" name="com.testcases.Usertype_Test" time="44.109" errors="0" timestamp="2023-10-09T14:29:54 IST" skipped="0">
  <testcase classname="com.testcases.Usertype_Test" name="loginvalidation" time="44.109"/>
</testsuite> <!-- com.testcases.Usertype_Test -->
